2019-08-06 21:40:05,819 INFO 10093 [Timer] /Users/xb/Documents/happyError/node_modules/egg-multipart/app/schedule/clean_tmpdir.js next time will execute after 24594186ms at 2019-08-07 04:30:00.005
2019-08-06 21:40:05,819 INFO 10093 [Timer] /Users/xb/Documents/happyError/node_modules/egg-logrotator/app/schedule/clean_log.js next time will execute after 8394181ms at 2019-08-07 00:00:00.000
2019-08-06 21:40:05,820 INFO 10093 [Timer] /Users/xb/Documents/happyError/node_modules/egg-logrotator/app/schedule/rotate_by_file.js next time will execute after 8395181ms at 2019-08-07 00:00:01.001
2019-08-06 21:40:05,722 INFO 10098 [egg-schedule]: register schedule /Users/xb/Documents/happyError/node_modules/egg-multipart/app/schedule/clean_tmpdir.js
2019-08-06 21:40:05,722 INFO 10098 [egg-schedule]: register schedule /Users/xb/Documents/happyError/node_modules/egg-logrotator/app/schedule/clean_log.js
2019-08-06 21:40:05,722 INFO 10098 [egg-schedule]: register schedule /Users/xb/Documents/happyError/node_modules/egg-logrotator/app/schedule/rotate_by_file.js
2019-08-06 21:41:46,905 INFO 10152 [Timer] /Users/xb/Documents/happyError/node_modules/egg-multipart/app/schedule/clean_tmpdir.js next time will execute after 24493098ms at 2019-08-07 04:30:00.003
2019-08-06 21:41:46,906 INFO 10152 [Timer] /Users/xb/Documents/happyError/node_modules/egg-logrotator/app/schedule/clean_log.js next time will execute after 8293094ms at 2019-08-07 00:00:00.000
2019-08-06 21:41:46,906 INFO 10152 [Timer] /Users/xb/Documents/happyError/node_modules/egg-logrotator/app/schedule/rotate_by_file.js next time will execute after 8294094ms at 2019-08-07 00:00:01.000
2019-08-06 21:41:46,844 INFO 10153 [egg-schedule]: register schedule /Users/xb/Documents/happyError/node_modules/egg-multipart/app/schedule/clean_tmpdir.js
2019-08-06 21:41:46,844 INFO 10153 [egg-schedule]: register schedule /Users/xb/Documents/happyError/node_modules/egg-logrotator/app/schedule/clean_log.js
2019-08-06 21:41:46,844 INFO 10153 [egg-schedule]: register schedule /Users/xb/Documents/happyError/node_modules/egg-logrotator/app/schedule/rotate_by_file.js
2019-08-06 21:42:18,947 INFO 10193 [Timer] /Users/xb/Documents/happyError/node_modules/egg-multipart/app/schedule/clean_tmpdir.js next time will execute after 24461056ms at 2019-08-07 04:30:00.003
2019-08-06 21:42:18,948 INFO 10193 [Timer] /Users/xb/Documents/happyError/node_modules/egg-logrotator/app/schedule/clean_log.js next time will execute after 8261052ms at 2019-08-07 00:00:00.000
2019-08-06 21:42:18,948 INFO 10193 [Timer] /Users/xb/Documents/happyError/node_modules/egg-logrotator/app/schedule/rotate_by_file.js next time will execute after 8262052ms at 2019-08-07 00:00:01.000
2019-08-06 21:42:18,887 INFO 10194 [egg-schedule]: register schedule /Users/xb/Documents/happyError/node_modules/egg-multipart/app/schedule/clean_tmpdir.js
2019-08-06 21:42:18,887 INFO 10194 [egg-schedule]: register schedule /Users/xb/Documents/happyError/node_modules/egg-logrotator/app/schedule/clean_log.js
2019-08-06 21:42:18,887 INFO 10194 [egg-schedule]: register schedule /Users/xb/Documents/happyError/node_modules/egg-logrotator/app/schedule/rotate_by_file.js
2019-08-06 21:44:55,460 INFO 10310 [Timer] /Users/xb/Documents/happyError/node_modules/egg-multipart/app/schedule/clean_tmpdir.js next time will execute after 24304543ms at 2019-08-07 04:30:00.003
2019-08-06 21:44:55,460 INFO 10310 [Timer] /Users/xb/Documents/happyError/node_modules/egg-logrotator/app/schedule/clean_log.js next time will execute after 8104540ms at 2019-08-07 00:00:00.000
2019-08-06 21:44:55,460 INFO 10310 [Timer] /Users/xb/Documents/happyError/node_modules/egg-logrotator/app/schedule/rotate_by_file.js next time will execute after 8105540ms at 2019-08-07 00:00:01.000
2019-08-06 21:44:55,393 INFO 10311 [egg-schedule]: register schedule /Users/xb/Documents/happyError/node_modules/egg-multipart/app/schedule/clean_tmpdir.js
2019-08-06 21:44:55,393 INFO 10311 [egg-schedule]: register schedule /Users/xb/Documents/happyError/node_modules/egg-logrotator/app/schedule/clean_log.js
2019-08-06 21:44:55,393 INFO 10311 [egg-schedule]: register schedule /Users/xb/Documents/happyError/node_modules/egg-logrotator/app/schedule/rotate_by_file.js
2019-08-06 21:45:39,992 INFO 10333 [egg-schedule]: register schedule /Users/xb/Documents/happyError/node_modules/egg-multipart/app/schedule/clean_tmpdir.js
2019-08-06 21:45:39,992 INFO 10333 [egg-schedule]: register schedule /Users/xb/Documents/happyError/node_modules/egg-logrotator/app/schedule/clean_log.js
2019-08-06 21:45:39,992 INFO 10333 [egg-schedule]: register schedule /Users/xb/Documents/happyError/node_modules/egg-logrotator/app/schedule/rotate_by_file.js
2019-08-06 22:34:42,994 INFO 10789 [egg-schedule]: register schedule /Users/xb/Documents/happyError/node_modules/egg-multipart/app/schedule/clean_tmpdir.js
2019-08-06 22:34:42,994 INFO 10789 [egg-schedule]: register schedule /Users/xb/Documents/happyError/node_modules/egg-logrotator/app/schedule/clean_log.js
2019-08-06 22:34:42,994 INFO 10789 [egg-schedule]: register schedule /Users/xb/Documents/happyError/node_modules/egg-logrotator/app/schedule/rotate_by_file.js
2019-08-06 22:34:48,128 INFO 10798 [egg-schedule]: register schedule /Users/xb/Documents/happyError/node_modules/egg-multipart/app/schedule/clean_tmpdir.js
2019-08-06 22:34:48,128 INFO 10798 [egg-schedule]: register schedule /Users/xb/Documents/happyError/node_modules/egg-logrotator/app/schedule/clean_log.js
2019-08-06 22:34:48,128 INFO 10798 [egg-schedule]: register schedule /Users/xb/Documents/happyError/node_modules/egg-logrotator/app/schedule/rotate_by_file.js
2019-08-06 22:35:05,662 INFO 10816 [egg-schedule]: register schedule /Users/xb/Documents/happyError/node_modules/egg-multipart/app/schedule/clean_tmpdir.js
2019-08-06 22:35:05,662 INFO 10816 [egg-schedule]: register schedule /Users/xb/Documents/happyError/node_modules/egg-logrotator/app/schedule/clean_log.js
2019-08-06 22:35:05,662 INFO 10816 [egg-schedule]: register schedule /Users/xb/Documents/happyError/node_modules/egg-logrotator/app/schedule/rotate_by_file.js
2019-08-06 22:35:35,419 INFO 10834 [egg-schedule]: register schedule /Users/xb/Documents/happyError/node_modules/egg-multipart/app/schedule/clean_tmpdir.js
2019-08-06 22:35:35,419 INFO 10834 [egg-schedule]: register schedule /Users/xb/Documents/happyError/node_modules/egg-logrotator/app/schedule/clean_log.js
2019-08-06 22:35:35,419 INFO 10834 [egg-schedule]: register schedule /Users/xb/Documents/happyError/node_modules/egg-logrotator/app/schedule/rotate_by_file.js
2019-08-06 22:37:59,824 INFO 10854 [egg-schedule]: register schedule /Users/xb/Documents/happyError/node_modules/egg-multipart/app/schedule/clean_tmpdir.js
2019-08-06 22:37:59,824 INFO 10854 [egg-schedule]: register schedule /Users/xb/Documents/happyError/node_modules/egg-logrotator/app/schedule/clean_log.js
2019-08-06 22:37:59,824 INFO 10854 [egg-schedule]: register schedule /Users/xb/Documents/happyError/node_modules/egg-logrotator/app/schedule/rotate_by_file.js
2019-08-06 22:40:38,528 INFO 10878 [egg-schedule]: register schedule /Users/xb/Documents/happyError/node_modules/egg-multipart/app/schedule/clean_tmpdir.js
2019-08-06 22:40:38,528 INFO 10878 [egg-schedule]: register schedule /Users/xb/Documents/happyError/node_modules/egg-logrotator/app/schedule/clean_log.js
2019-08-06 22:40:38,528 INFO 10878 [egg-schedule]: register schedule /Users/xb/Documents/happyError/node_modules/egg-logrotator/app/schedule/rotate_by_file.js
2019-08-06 22:40:44,160 INFO 10886 [egg-schedule]: register schedule /Users/xb/Documents/happyError/node_modules/egg-multipart/app/schedule/clean_tmpdir.js
2019-08-06 22:40:44,160 INFO 10886 [egg-schedule]: register schedule /Users/xb/Documents/happyError/node_modules/egg-logrotator/app/schedule/clean_log.js
2019-08-06 22:40:44,160 INFO 10886 [egg-schedule]: register schedule /Users/xb/Documents/happyError/node_modules/egg-logrotator/app/schedule/rotate_by_file.js
2019-08-06 22:40:46,892 INFO 10894 [egg-schedule]: register schedule /Users/xb/Documents/happyError/node_modules/egg-multipart/app/schedule/clean_tmpdir.js
2019-08-06 22:40:46,892 INFO 10894 [egg-schedule]: register schedule /Users/xb/Documents/happyError/node_modules/egg-logrotator/app/schedule/clean_log.js
2019-08-06 22:40:46,892 INFO 10894 [egg-schedule]: register schedule /Users/xb/Documents/happyError/node_modules/egg-logrotator/app/schedule/rotate_by_file.js
2019-08-06 22:43:27,725 INFO 10950 [egg-schedule]: register schedule /Users/xb/Documents/happyError/node_modules/egg-multipart/app/schedule/clean_tmpdir.js
2019-08-06 22:43:27,725 INFO 10950 [egg-schedule]: register schedule /Users/xb/Documents/happyError/node_modules/egg-logrotator/app/schedule/clean_log.js
2019-08-06 22:43:27,725 INFO 10950 [egg-schedule]: register schedule /Users/xb/Documents/happyError/node_modules/egg-logrotator/app/schedule/rotate_by_file.js
2019-08-06 22:44:00,986 INFO 10971 [egg-schedule]: register schedule /Users/xb/Documents/happyError/node_modules/egg-multipart/app/schedule/clean_tmpdir.js
2019-08-06 22:44:00,986 INFO 10971 [egg-schedule]: register schedule /Users/xb/Documents/happyError/node_modules/egg-logrotator/app/schedule/clean_log.js
2019-08-06 22:44:00,986 INFO 10971 [egg-schedule]: register schedule /Users/xb/Documents/happyError/node_modules/egg-logrotator/app/schedule/rotate_by_file.js
2019-08-06 22:44:02,270 INFO 10972 [egg-schedule]: register schedule /Users/xb/Documents/happyError/node_modules/egg-multipart/app/schedule/clean_tmpdir.js
2019-08-06 22:44:02,270 INFO 10972 [egg-schedule]: register schedule /Users/xb/Documents/happyError/node_modules/egg-logrotator/app/schedule/clean_log.js
2019-08-06 22:44:02,270 INFO 10972 [egg-schedule]: register schedule /Users/xb/Documents/happyError/node_modules/egg-logrotator/app/schedule/rotate_by_file.js
2019-08-06 22:44:54,308 INFO 10993 [egg-schedule]: register schedule /Users/xb/Documents/happyError/node_modules/egg-multipart/app/schedule/clean_tmpdir.js
2019-08-06 22:44:54,308 INFO 10993 [egg-schedule]: register schedule /Users/xb/Documents/happyError/node_modules/egg-logrotator/app/schedule/clean_log.js
2019-08-06 22:44:54,308 INFO 10993 [egg-schedule]: register schedule /Users/xb/Documents/happyError/node_modules/egg-logrotator/app/schedule/rotate_by_file.js
2019-08-06 22:53:27,994 INFO 11008 [egg-schedule]: register schedule /Users/xb/Documents/happyError/node_modules/egg-multipart/app/schedule/clean_tmpdir.js
2019-08-06 22:53:27,994 INFO 11008 [egg-schedule]: register schedule /Users/xb/Documents/happyError/node_modules/egg-logrotator/app/schedule/clean_log.js
2019-08-06 22:53:27,994 INFO 11008 [egg-schedule]: register schedule /Users/xb/Documents/happyError/node_modules/egg-logrotator/app/schedule/rotate_by_file.js
2019-08-06 22:57:31,324 INFO 11022 [egg-schedule]: register schedule /Users/xb/Documents/happyError/node_modules/egg-multipart/app/schedule/clean_tmpdir.js
2019-08-06 22:57:31,324 INFO 11022 [egg-schedule]: register schedule /Users/xb/Documents/happyError/node_modules/egg-logrotator/app/schedule/clean_log.js
2019-08-06 22:57:31,324 INFO 11022 [egg-schedule]: register schedule /Users/xb/Documents/happyError/node_modules/egg-logrotator/app/schedule/rotate_by_file.js
2019-08-06 22:59:03,617 INFO 11033 [egg-schedule]: register schedule /Users/xb/Documents/happyError/node_modules/egg-multipart/app/schedule/clean_tmpdir.js
2019-08-06 22:59:03,617 INFO 11033 [egg-schedule]: register schedule /Users/xb/Documents/happyError/node_modules/egg-logrotator/app/schedule/clean_log.js
2019-08-06 22:59:03,617 INFO 11033 [egg-schedule]: register schedule /Users/xb/Documents/happyError/node_modules/egg-logrotator/app/schedule/rotate_by_file.js
2019-08-06 22:59:13,760 INFO 11043 [egg-schedule]: register schedule /Users/xb/Documents/happyError/node_modules/egg-multipart/app/schedule/clean_tmpdir.js
2019-08-06 22:59:13,760 INFO 11043 [egg-schedule]: register schedule /Users/xb/Documents/happyError/node_modules/egg-logrotator/app/schedule/clean_log.js
2019-08-06 22:59:13,760 INFO 11043 [egg-schedule]: register schedule /Users/xb/Documents/happyError/node_modules/egg-logrotator/app/schedule/rotate_by_file.js
2019-08-06 22:59:27,248 INFO 11051 [egg-schedule]: register schedule /Users/xb/Documents/happyError/node_modules/egg-multipart/app/schedule/clean_tmpdir.js
2019-08-06 22:59:27,249 INFO 11051 [egg-schedule]: register schedule /Users/xb/Documents/happyError/node_modules/egg-logrotator/app/schedule/clean_log.js
2019-08-06 22:59:27,249 INFO 11051 [egg-schedule]: register schedule /Users/xb/Documents/happyError/node_modules/egg-logrotator/app/schedule/rotate_by_file.js
2019-08-06 22:59:54,389 INFO 11062 [egg-schedule]: register schedule /Users/xb/Documents/happyError/node_modules/egg-multipart/app/schedule/clean_tmpdir.js
2019-08-06 22:59:54,389 INFO 11062 [egg-schedule]: register schedule /Users/xb/Documents/happyError/node_modules/egg-logrotator/app/schedule/clean_log.js
2019-08-06 22:59:54,389 INFO 11062 [egg-schedule]: register schedule /Users/xb/Documents/happyError/node_modules/egg-logrotator/app/schedule/rotate_by_file.js
2019-08-06 23:00:20,989 INFO 11070 [egg-schedule]: register schedule /Users/xb/Documents/happyError/node_modules/egg-multipart/app/schedule/clean_tmpdir.js
2019-08-06 23:00:20,989 INFO 11070 [egg-schedule]: register schedule /Users/xb/Documents/happyError/node_modules/egg-logrotator/app/schedule/clean_log.js
2019-08-06 23:00:20,989 INFO 11070 [egg-schedule]: register schedule /Users/xb/Documents/happyError/node_modules/egg-logrotator/app/schedule/rotate_by_file.js
2019-08-06 23:01:31,745 INFO 11084 [egg-schedule]: register schedule /Users/xb/Documents/happyError/node_modules/egg-multipart/app/schedule/clean_tmpdir.js
2019-08-06 23:01:31,745 INFO 11084 [egg-schedule]: register schedule /Users/xb/Documents/happyError/node_modules/egg-logrotator/app/schedule/clean_log.js
2019-08-06 23:01:31,745 INFO 11084 [egg-schedule]: register schedule /Users/xb/Documents/happyError/node_modules/egg-logrotator/app/schedule/rotate_by_file.js
2019-08-06 23:01:41,890 INFO 11092 [egg-schedule]: register schedule /Users/xb/Documents/happyError/node_modules/egg-multipart/app/schedule/clean_tmpdir.js
2019-08-06 23:01:41,890 INFO 11092 [egg-schedule]: register schedule /Users/xb/Documents/happyError/node_modules/egg-logrotator/app/schedule/clean_log.js
2019-08-06 23:01:41,890 INFO 11092 [egg-schedule]: register schedule /Users/xb/Documents/happyError/node_modules/egg-logrotator/app/schedule/rotate_by_file.js
2019-08-06 23:02:52,755 INFO 11102 [egg-schedule]: register schedule /Users/xb/Documents/happyError/node_modules/egg-multipart/app/schedule/clean_tmpdir.js
2019-08-06 23:02:52,755 INFO 11102 [egg-schedule]: register schedule /Users/xb/Documents/happyError/node_modules/egg-logrotator/app/schedule/clean_log.js
2019-08-06 23:02:52,755 INFO 11102 [egg-schedule]: register schedule /Users/xb/Documents/happyError/node_modules/egg-logrotator/app/schedule/rotate_by_file.js
2019-08-06 23:03:18,202 INFO 11198 [Timer] /Users/xb/Documents/happyError/node_modules/egg-multipart/app/schedule/clean_tmpdir.js next time will execute after 19601802ms at 2019-08-07 04:30:00.004
2019-08-06 23:03:18,202 INFO 11198 [Timer] /Users/xb/Documents/happyError/node_modules/egg-logrotator/app/schedule/clean_log.js next time will execute after 3401798ms at 2019-08-07 00:00:00.000
2019-08-06 23:03:18,202 INFO 11198 [Timer] /Users/xb/Documents/happyError/node_modules/egg-logrotator/app/schedule/rotate_by_file.js next time will execute after 3402798ms at 2019-08-07 00:00:01.000
2019-08-06 23:03:18,115 INFO 11199 [egg-schedule]: register schedule /Users/xb/Documents/happyError/node_modules/egg-multipart/app/schedule/clean_tmpdir.js
2019-08-06 23:03:18,115 INFO 11199 [egg-schedule]: register schedule /Users/xb/Documents/happyError/node_modules/egg-logrotator/app/schedule/clean_log.js
2019-08-06 23:03:18,115 INFO 11199 [egg-schedule]: register schedule /Users/xb/Documents/happyError/node_modules/egg-logrotator/app/schedule/rotate_by_file.js
2019-08-06 23:03:37,448 INFO 11215 [egg-schedule]: register schedule /Users/xb/Documents/happyError/node_modules/egg-multipart/app/schedule/clean_tmpdir.js
2019-08-06 23:03:37,448 INFO 11215 [egg-schedule]: register schedule /Users/xb/Documents/happyError/node_modules/egg-logrotator/app/schedule/clean_log.js
2019-08-06 23:03:37,448 INFO 11215 [egg-schedule]: register schedule /Users/xb/Documents/happyError/node_modules/egg-logrotator/app/schedule/rotate_by_file.js
2019-08-06 23:03:57,648 INFO 11223 [egg-schedule]: register schedule /Users/xb/Documents/happyError/node_modules/egg-multipart/app/schedule/clean_tmpdir.js
2019-08-06 23:03:57,648 INFO 11223 [egg-schedule]: register schedule /Users/xb/Documents/happyError/node_modules/egg-logrotator/app/schedule/clean_log.js
2019-08-06 23:03:57,648 INFO 11223 [egg-schedule]: register schedule /Users/xb/Documents/happyError/node_modules/egg-logrotator/app/schedule/rotate_by_file.js
2019-08-06 23:04:09,260 INFO 11235 [egg-schedule]: register schedule /Users/xb/Documents/happyError/node_modules/egg-multipart/app/schedule/clean_tmpdir.js
2019-08-06 23:04:09,260 INFO 11235 [egg-schedule]: register schedule /Users/xb/Documents/happyError/node_modules/egg-logrotator/app/schedule/clean_log.js
2019-08-06 23:04:09,260 INFO 11235 [egg-schedule]: register schedule /Users/xb/Documents/happyError/node_modules/egg-logrotator/app/schedule/rotate_by_file.js
2019-08-06 23:04:32,162 INFO 11243 [egg-schedule]: register schedule /Users/xb/Documents/happyError/node_modules/egg-multipart/app/schedule/clean_tmpdir.js
2019-08-06 23:04:32,162 INFO 11243 [egg-schedule]: register schedule /Users/xb/Documents/happyError/node_modules/egg-logrotator/app/schedule/clean_log.js
2019-08-06 23:04:32,162 INFO 11243 [egg-schedule]: register schedule /Users/xb/Documents/happyError/node_modules/egg-logrotator/app/schedule/rotate_by_file.js
2019-08-06 23:04:51,474 INFO 11253 [egg-schedule]: register schedule /Users/xb/Documents/happyError/node_modules/egg-multipart/app/schedule/clean_tmpdir.js
2019-08-06 23:04:51,474 INFO 11253 [egg-schedule]: register schedule /Users/xb/Documents/happyError/node_modules/egg-logrotator/app/schedule/clean_log.js
2019-08-06 23:04:51,474 INFO 11253 [egg-schedule]: register schedule /Users/xb/Documents/happyError/node_modules/egg-logrotator/app/schedule/rotate_by_file.js
2019-08-06 23:05:02,326 INFO 11261 [egg-schedule]: register schedule /Users/xb/Documents/happyError/node_modules/egg-multipart/app/schedule/clean_tmpdir.js
2019-08-06 23:05:02,326 INFO 11261 [egg-schedule]: register schedule /Users/xb/Documents/happyError/node_modules/egg-logrotator/app/schedule/clean_log.js
2019-08-06 23:05:02,326 INFO 11261 [egg-schedule]: register schedule /Users/xb/Documents/happyError/node_modules/egg-logrotator/app/schedule/rotate_by_file.js
2019-08-06 23:05:14,556 INFO 11269 [egg-schedule]: register schedule /Users/xb/Documents/happyError/node_modules/egg-multipart/app/schedule/clean_tmpdir.js
2019-08-06 23:05:14,556 INFO 11269 [egg-schedule]: register schedule /Users/xb/Documents/happyError/node_modules/egg-logrotator/app/schedule/clean_log.js
2019-08-06 23:05:14,556 INFO 11269 [egg-schedule]: register schedule /Users/xb/Documents/happyError/node_modules/egg-logrotator/app/schedule/rotate_by_file.js
2019-08-06 23:05:42,708 INFO 11279 [egg-schedule]: register schedule /Users/xb/Documents/happyError/node_modules/egg-multipart/app/schedule/clean_tmpdir.js
2019-08-06 23:05:42,708 INFO 11279 [egg-schedule]: register schedule /Users/xb/Documents/happyError/node_modules/egg-logrotator/app/schedule/clean_log.js
2019-08-06 23:05:42,708 INFO 11279 [egg-schedule]: register schedule /Users/xb/Documents/happyError/node_modules/egg-logrotator/app/schedule/rotate_by_file.js
2019-08-06 23:06:06,301 INFO 11289 [egg-schedule]: register schedule /Users/xb/Documents/happyError/node_modules/egg-multipart/app/schedule/clean_tmpdir.js
2019-08-06 23:06:06,301 INFO 11289 [egg-schedule]: register schedule /Users/xb/Documents/happyError/node_modules/egg-logrotator/app/schedule/clean_log.js
2019-08-06 23:06:06,301 INFO 11289 [egg-schedule]: register schedule /Users/xb/Documents/happyError/node_modules/egg-logrotator/app/schedule/rotate_by_file.js
2019-08-06 23:06:14,060 INFO 11299 [egg-schedule]: register schedule /Users/xb/Documents/happyError/node_modules/egg-multipart/app/schedule/clean_tmpdir.js
2019-08-06 23:06:14,060 INFO 11299 [egg-schedule]: register schedule /Users/xb/Documents/happyError/node_modules/egg-logrotator/app/schedule/clean_log.js
2019-08-06 23:06:14,060 INFO 11299 [egg-schedule]: register schedule /Users/xb/Documents/happyError/node_modules/egg-logrotator/app/schedule/rotate_by_file.js
2019-08-06 23:06:51,479 INFO 11311 [egg-schedule]: register schedule /Users/xb/Documents/happyError/node_modules/egg-multipart/app/schedule/clean_tmpdir.js
2019-08-06 23:06:51,479 INFO 11311 [egg-schedule]: register schedule /Users/xb/Documents/happyError/node_modules/egg-logrotator/app/schedule/clean_log.js
2019-08-06 23:06:51,479 INFO 11311 [egg-schedule]: register schedule /Users/xb/Documents/happyError/node_modules/egg-logrotator/app/schedule/rotate_by_file.js
2019-08-06 23:08:52,765 INFO 11319 [egg-schedule]: register schedule /Users/xb/Documents/happyError/node_modules/egg-multipart/app/schedule/clean_tmpdir.js
2019-08-06 23:08:52,765 INFO 11319 [egg-schedule]: register schedule /Users/xb/Documents/happyError/node_modules/egg-logrotator/app/schedule/clean_log.js
2019-08-06 23:08:52,765 INFO 11319 [egg-schedule]: register schedule /Users/xb/Documents/happyError/node_modules/egg-logrotator/app/schedule/rotate_by_file.js
2019-08-06 23:08:54,816 INFO 11327 [egg-schedule]: register schedule /Users/xb/Documents/happyError/node_modules/egg-multipart/app/schedule/clean_tmpdir.js
2019-08-06 23:08:54,816 INFO 11327 [egg-schedule]: register schedule /Users/xb/Documents/happyError/node_modules/egg-logrotator/app/schedule/clean_log.js
2019-08-06 23:08:54,816 INFO 11327 [egg-schedule]: register schedule /Users/xb/Documents/happyError/node_modules/egg-logrotator/app/schedule/rotate_by_file.js
2019-08-06 23:09:05,787 INFO 11337 [egg-schedule]: register schedule /Users/xb/Documents/happyError/node_modules/egg-multipart/app/schedule/clean_tmpdir.js
2019-08-06 23:09:05,787 INFO 11337 [egg-schedule]: register schedule /Users/xb/Documents/happyError/node_modules/egg-logrotator/app/schedule/clean_log.js
2019-08-06 23:09:05,787 INFO 11337 [egg-schedule]: register schedule /Users/xb/Documents/happyError/node_modules/egg-logrotator/app/schedule/rotate_by_file.js
2019-08-06 23:09:16,613 INFO 11349 [egg-schedule]: register schedule /Users/xb/Documents/happyError/node_modules/egg-multipart/app/schedule/clean_tmpdir.js
2019-08-06 23:09:16,613 INFO 11349 [egg-schedule]: register schedule /Users/xb/Documents/happyError/node_modules/egg-logrotator/app/schedule/clean_log.js
2019-08-06 23:09:16,613 INFO 11349 [egg-schedule]: register schedule /Users/xb/Documents/happyError/node_modules/egg-logrotator/app/schedule/rotate_by_file.js
2019-08-06 23:09:49,435 INFO 11359 [egg-schedule]: register schedule /Users/xb/Documents/happyError/node_modules/egg-multipart/app/schedule/clean_tmpdir.js
2019-08-06 23:09:49,435 INFO 11359 [egg-schedule]: register schedule /Users/xb/Documents/happyError/node_modules/egg-logrotator/app/schedule/clean_log.js
2019-08-06 23:09:49,435 INFO 11359 [egg-schedule]: register schedule /Users/xb/Documents/happyError/node_modules/egg-logrotator/app/schedule/rotate_by_file.js
2019-08-06 23:10:09,441 INFO 11369 [egg-schedule]: register schedule /Users/xb/Documents/happyError/node_modules/egg-multipart/app/schedule/clean_tmpdir.js
2019-08-06 23:10:09,441 INFO 11369 [egg-schedule]: register schedule /Users/xb/Documents/happyError/node_modules/egg-logrotator/app/schedule/clean_log.js
2019-08-06 23:10:09,441 INFO 11369 [egg-schedule]: register schedule /Users/xb/Documents/happyError/node_modules/egg-logrotator/app/schedule/rotate_by_file.js
2019-08-06 23:10:15,471 INFO 11377 [egg-schedule]: register schedule /Users/xb/Documents/happyError/node_modules/egg-multipart/app/schedule/clean_tmpdir.js
2019-08-06 23:10:15,471 INFO 11377 [egg-schedule]: register schedule /Users/xb/Documents/happyError/node_modules/egg-logrotator/app/schedule/clean_log.js
2019-08-06 23:10:15,471 INFO 11377 [egg-schedule]: register schedule /Users/xb/Documents/happyError/node_modules/egg-logrotator/app/schedule/rotate_by_file.js
2019-08-06 23:11:05,854 INFO 11391 [egg-schedule]: register schedule /Users/xb/Documents/happyError/node_modules/egg-multipart/app/schedule/clean_tmpdir.js
2019-08-06 23:11:05,854 INFO 11391 [egg-schedule]: register schedule /Users/xb/Documents/happyError/node_modules/egg-logrotator/app/schedule/clean_log.js
2019-08-06 23:11:05,854 INFO 11391 [egg-schedule]: register schedule /Users/xb/Documents/happyError/node_modules/egg-logrotator/app/schedule/rotate_by_file.js
2019-08-06 23:11:20,517 INFO 11404 [egg-schedule]: register schedule /Users/xb/Documents/happyError/node_modules/egg-multipart/app/schedule/clean_tmpdir.js
2019-08-06 23:11:20,517 INFO 11404 [egg-schedule]: register schedule /Users/xb/Documents/happyError/node_modules/egg-logrotator/app/schedule/clean_log.js
2019-08-06 23:11:20,517 INFO 11404 [egg-schedule]: register schedule /Users/xb/Documents/happyError/node_modules/egg-logrotator/app/schedule/rotate_by_file.js
2019-08-06 23:11:21,237 INFO 11405 [egg-schedule]: register schedule /Users/xb/Documents/happyError/node_modules/egg-multipart/app/schedule/clean_tmpdir.js
2019-08-06 23:11:21,237 INFO 11405 [egg-schedule]: register schedule /Users/xb/Documents/happyError/node_modules/egg-logrotator/app/schedule/clean_log.js
2019-08-06 23:11:21,237 INFO 11405 [egg-schedule]: register schedule /Users/xb/Documents/happyError/node_modules/egg-logrotator/app/schedule/rotate_by_file.js
2019-08-06 23:11:33,726 INFO 11415 [egg-schedule]: register schedule /Users/xb/Documents/happyError/node_modules/egg-multipart/app/schedule/clean_tmpdir.js
2019-08-06 23:11:33,726 INFO 11415 [egg-schedule]: register schedule /Users/xb/Documents/happyError/node_modules/egg-logrotator/app/schedule/clean_log.js
2019-08-06 23:11:33,726 INFO 11415 [egg-schedule]: register schedule /Users/xb/Documents/happyError/node_modules/egg-logrotator/app/schedule/rotate_by_file.js
2019-08-06 23:11:45,838 INFO 11427 [egg-schedule]: register schedule /Users/xb/Documents/happyError/node_modules/egg-multipart/app/schedule/clean_tmpdir.js
2019-08-06 23:11:45,838 INFO 11427 [egg-schedule]: register schedule /Users/xb/Documents/happyError/node_modules/egg-logrotator/app/schedule/clean_log.js
2019-08-06 23:11:45,838 INFO 11427 [egg-schedule]: register schedule /Users/xb/Documents/happyError/node_modules/egg-logrotator/app/schedule/rotate_by_file.js
